0 verbose cli /usr/local/bin/node /usr/local/bin/npm
1 info using npm@10.9.2
2 info using node@v22.14.0
3 silly config load:file:/usr/local/lib/node_modules/npm/npmrc
4 silly config load:file:/Users/xigua/nocode-40967826846a478a/.npmrc
5 silly config load:file:/Users/xigua/.npmrc
6 silly config load:file:/usr/local/etc/npmrc
7 verbose title npm install
8 verbose argv "install"
9 verbose logfile logs-max:10 dir:/Users/xigua/nocode-40967826846a478a/.npm-cache/_logs/2025-10-30T10_38_16_242Z-
10 verbose logfile /Users/xigua/nocode-40967826846a478a/.npm-cache/_logs/2025-10-30T10_38_16_242Z-debug-0.log
11 silly logfile done cleaning log files
12 silly packumentCache heap:4345298944 maxSize:1086324736 maxEntrySize:543162368
13 silly idealTree buildDeps
14 silly reify moves {}
15 silly audit bulk request {
15 silly audit   '@alloc/quick-lru': [ '5.2.0' ],
15 silly audit   '@babel/code-frame': [ '7.27.1' ],
15 silly audit   '@babel/compat-data': [ '7.28.4' ],
15 silly audit   '@babel/core': [ '7.28.4' ],
15 silly audit   '@babel/generator': [ '7.28.3' ],
15 silly audit   '@babel/helper-compilation-targets': [ '7.27.2' ],
15 silly audit   '@babel/helper-globals': [ '7.28.0' ],
15 silly audit   '@babel/helper-module-imports': [ '7.27.1' ],
15 silly audit   '@babel/helper-module-transforms': [ '7.28.3' ],
15 silly audit   '@babel/helper-plugin-utils': [ '7.27.1' ],
15 silly audit   '@babel/helper-string-parser': [ '7.27.1' ],
15 silly audit   '@babel/helper-validator-identifier': [ '7.27.1' ],
15 silly audit   '@babel/helper-validator-option': [ '7.27.1' ],
15 silly audit   '@babel/helpers': [ '7.28.4' ],
15 silly audit   '@babel/parser': [ '7.28.4' ],
15 silly audit   '@babel/plugin-transform-react-jsx-self': [ '7.27.1' ],
15 silly audit   '@babel/plugin-transform-react-jsx-source': [ '7.25.9', '7.27.1' ],
15 silly audit   '@babel/runtime': [ '7.28.4' ],
15 silly audit   '@babel/template': [ '7.27.2' ],
15 silly audit   '@babel/traverse': [ '7.28.4' ],
15 silly audit   '@babel/types': [ '7.28.4' ],
15 silly audit   '@colors/colors': [ '1.6.0' ],
15 silly audit   '@dabh/diagnostics': [ '2.0.3' ],
15 silly audit   '@esbuild/aix-ppc64': [ '0.21.5' ],
15 silly audit   '@esbuild/android-arm': [ '0.21.5' ],
15 silly audit   '@esbuild/android-arm64': [ '0.21.5' ],
15 silly audit   '@esbuild/android-x64': [ '0.21.5' ],
15 silly audit   '@esbuild/darwin-arm64': [ '0.21.5' ],
15 silly audit   '@esbuild/darwin-x64': [ '0.21.5' ],
15 silly audit   '@esbuild/freebsd-arm64': [ '0.21.5' ],
15 silly audit   '@esbuild/freebsd-x64': [ '0.21.5' ],
15 silly audit   '@esbuild/linux-arm': [ '0.21.5' ],
15 silly audit   '@esbuild/linux-arm64': [ '0.21.5' ],
15 silly audit   '@esbuild/linux-ia32': [ '0.21.5' ],
15 silly audit   '@esbuild/linux-loong64': [ '0.21.5' ],
15 silly audit   '@esbuild/linux-mips64el': [ '0.21.5' ],
15 silly audit   '@esbuild/linux-ppc64': [ '0.21.5' ],
15 silly audit   '@esbuild/linux-riscv64': [ '0.21.5' ],
15 silly audit   '@esbuild/linux-s390x': [ '0.21.5' ],
15 silly audit   '@esbuild/linux-x64': [ '0.21.5' ],
15 silly audit   '@esbuild/netbsd-x64': [ '0.21.5' ],
15 silly audit   '@esbuild/openbsd-x64': [ '0.21.5' ],
15 silly audit   '@esbuild/sunos-x64': [ '0.21.5' ],
15 silly audit   '@esbuild/win32-arm64': [ '0.21.5' ],
15 silly audit   '@esbuild/win32-ia32': [ '0.21.5' ],
15 silly audit   '@esbuild/win32-x64': [ '0.21.5' ],
15 silly audit   '@eslint-community/eslint-utils': [ '4.9.0' ],
15 silly audit   '@eslint-community/regexpp': [ '4.12.1' ],
15 silly audit   '@eslint/eslintrc': [ '2.1.4' ],
15 silly audit   '@eslint/js': [ '8.57.1' ],
15 silly audit   '@floating-ui/core': [ '1.7.3' ],
15 silly audit   '@floating-ui/dom': [ '1.7.4' ],
15 silly audit   '@floating-ui/react-dom': [ '2.1.6' ],
15 silly audit   '@floating-ui/utils': [ '0.2.10' ],
15 silly audit   '@hookform/resolvers': [ '3.10.0' ],
15 silly audit   '@humanwhocodes/config-array': [ '0.13.0' ],
15 silly audit   '@humanwhocodes/module-importer': [ '1.0.1' ],
15 silly audit   '@humanwhocodes/object-schema': [ '2.0.3' ],
15 silly audit   '@isaacs/cliui': [ '8.0.2' ],
15 silly audit   'ansi-regex': [ '6.2.2', '5.0.1' ],
15 silly audit   'strip-ansi': [ '7.1.2', '6.0.1' ],
15 silly audit   '@jridgewell/gen-mapping': [ '0.3.13' ],
15 silly audit   '@jridgewell/remapping': [ '2.3.5' ],
15 silly audit   '@jridgewell/resolve-uri': [ '3.1.2' ],
15 silly audit   '@jridgewell/sourcemap-codec': [ '1.5.5' ],
15 silly audit   '@jridgewell/trace-mapping': [ '0.3.31' ],
15 silly audit   '@meituan-nocode/vite-plugin-dev-logger': [ '0.1.0' ],
15 silly audit   '@meituan-nocode/vite-plugin-nocode-html-transformer': [ '0.3.1' ],
15 silly audit   '@nodelib/fs.scandir': [ '2.1.5' ],
15 silly audit   '@nodelib/fs.stat': [ '2.0.5' ],
15 silly audit   '@nodelib/fs.walk': [ '1.2.8' ],
15 silly audit   '@pkgjs/parseargs': [ '0.11.0' ],
15 silly audit   '@radix-ui/number': [ '1.1.1' ],
15 silly audit   '@radix-ui/primitive': [ '1.1.3' ],
15 silly audit   '@radix-ui/react-accordion': [ '1.2.12' ],
15 silly audit   '@radix-ui/react-alert-dialog': [ '1.1.15' ],
15 silly audit   '@radix-ui/react-arrow': [ '1.1.7' ],
15 silly audit   '@radix-ui/react-aspect-ratio': [ '1.1.7' ],
15 silly audit   '@radix-ui/react-avatar': [ '1.1.10' ],
15 silly audit   '@radix-ui/react-checkbox': [ '1.3.3' ],
15 silly audit   '@radix-ui/react-collapsible': [ '1.1.12' ],
15 silly audit   '@radix-ui/react-collection': [ '1.1.7' ],
15 silly audit   '@radix-ui/react-compose-refs': [ '1.1.2' ],
15 silly audit   '@radix-ui/react-context': [ '1.1.2' ],
15 silly audit   '@radix-ui/react-context-menu': [ '2.2.16' ],
15 silly audit   '@radix-ui/react-dialog': [ '1.1.15' ],
15 silly audit   '@radix-ui/react-direction': [ '1.1.1' ],
15 silly audit   '@radix-ui/react-dismissable-layer': [ '1.1.11' ],
15 silly audit   '@radix-ui/react-dropdown-menu': [ '2.1.16' ],
15 silly audit   '@radix-ui/react-focus-guards': [ '1.1.3' ],
15 silly audit   '@radix-ui/react-focus-scope': [ '1.1.7' ],
15 silly audit   '@radix-ui/react-hover-card': [ '1.1.15' ],
15 silly audit   '@radix-ui/react-id': [ '1.1.1' ],
15 silly audit   '@radix-ui/react-label': [ '2.1.7' ],
15 silly audit   '@radix-ui/react-menu': [ '2.1.16' ],
15 silly audit   '@radix-ui/react-menubar': [ '1.1.16' ],
15 silly audit   '@radix-ui/react-navigation-menu': [ '1.2.14' ],
15 silly audit   '@radix-ui/react-popover': [ '1.1.15' ],
15 silly audit   '@radix-ui/react-popper': [ '1.2.8' ],
15 silly audit   '@radix-ui/react-portal': [ '1.1.9' ],
15 silly audit   '@radix-ui/react-presence': [ '1.1.5' ],
15 silly audit   '@radix-ui/react-primitive': [ '2.1.3' ],
15 silly audit   '@radix-ui/react-progress': [ '1.1.7' ],
15 silly audit   '@radix-ui/react-radio-group': [ '1.3.8' ],
15 silly audit   '@radix-ui/react-roving-focus': [ '1.1.11' ],
15 silly audit   '@radix-ui/react-scroll-area': [ '1.2.10' ],
15 silly audit   '@radix-ui/react-select': [ '2.2.6' ],
15 silly audit   '@radix-ui/react-separator': [ '1.1.7' ],
15 silly audit   '@radix-ui/react-slider': [ '1.3.6' ],
15 silly audit   '@radix-ui/react-slot': [ '1.2.3' ],
15 silly audit   '@radix-ui/react-switch': [ '1.2.6' ],
15 silly audit   '@radix-ui/react-tabs': [ '1.1.13' ],
15 silly audit   '@radix-ui/react-toast': [ '1.2.15' ],
15 silly audit   '@radix-ui/react-toggle': [ '1.1.10' ],
15 silly audit   '@radix-ui/react-toggle-group': [ '1.1.11' ],
15 silly audit   '@radix-ui/react-tooltip': [ '1.2.8' ],
15 silly audit   '@radix-ui/react-use-callback-ref': [ '1.1.1' ],
15 silly audit   '@radix-ui/react-use-controllable-state': [ '1.2.2' ],
15 silly audit   '@radix-ui/react-use-effect-event': [ '0.0.2' ],
15 silly audit   '@radix-ui/react-use-escape-keydown': [ '1.1.1' ],
15 silly audit   '@radix-ui/react-use-is-hydrated': [ '0.1.0' ],
15 silly audit   '@radix-ui/react-use-layout-effect': [ '1.1.1' ],
15 silly audit   '@radix-ui/react-use-previous': [ '1.1.1' ],
15 silly audit   '@radix-ui/react-use-rect': [ '1.1.1' ],
15 silly audit   '@radix-ui/react-use-size': [ '1.1.1' ],
15 silly audit   '@radix-ui/react-visually-hidden': [ '1.2.3' ],
15 silly audit   '@radix-ui/rect': [ '1.1.1' ],
15 silly audit   '@remix-run/router': [ '1.23.0' ],
15 silly audit   '@rolldown/pluginutils': [ '1.0.0-beta.27' ],
15 silly audit   '@rollup/rollup-android-arm-eabi': [ '4.52.2' ],
15 silly audit   '@rollup/rollup-android-arm64': [ '4.52.2' ],
15 silly audit   '@rollup/rollup-darwin-arm64': [ '4.52.2' ],
15 silly audit   '@rollup/rollup-darwin-x64': [ '4.52.2' ],
15 silly audit   '@rollup/rollup-freebsd-arm64': [ '4.52.2' ],
15 silly audit   '@rollup/rollup-freebsd-x64': [ '4.52.2' ],
15 silly audit   '@rollup/rollup-linux-arm-gnueabihf': [ '4.52.2' ],
15 silly audit   '@rollup/rollup-linux-arm-musleabihf': [ '4.52.2' ],
15 silly audit   '@rollup/rollup-linux-arm64-gnu': [ '4.52.2' ],
15 silly audit   '@rollup/rollup-linux-arm64-musl': [ '4.52.2' ],
15 silly audit   '@rollup/rollup-linux-loong64-gnu': [ '4.52.2' ],
15 silly audit   '@rollup/rollup-linux-ppc64-gnu': [ '4.52.2' ],
15 silly audit   '@rollup/rollup-linux-riscv64-gnu': [ '4.52.2' ],
15 silly audit   '@rollup/rollup-linux-riscv64-musl': [ '4.52.2' ],
15 silly audit   '@rollup/rollup-linux-s390x-gnu': [ '4.52.2' ],
15 silly audit   '@rollup/rollup-linux-x64-gnu': [ '4.52.2' ],
15 silly audit   '@rollup/rollup-linux-x64-musl': [ '4.52.2' ],
15 silly audit   '@rollup/rollup-openharmony-arm64': [ '4.52.2' ],
15 silly audit   '@rollup/rollup-win32-arm64-msvc': [ '4.52.2' ],
15 silly audit   '@rollup/rollup-win32-ia32-msvc': [ '4.52.2' ],
15 silly audit   '@rollup/rollup-win32-x64-gnu': [ '4.52.2' ],
15 silly audit   '@rollup/rollup-win32-x64-msvc': [ '4.52.2' ],
15 silly audit   '@tanstack/query-core': [ '5.90.2' ],
15 silly audit   '@tanstack/react-query': [ '5.90.2' ],
15 silly audit   '@types/babel__core': [ '7.20.5' ],
15 silly audit   '@types/babel__generator': [ '7.27.0' ],
15 silly audit   '@types/babel__template': [ '7.4.4' ],
15 silly audit   '@types/babel__traverse': [ '7.28.0' ],
15 silly audit   '@types/d3-array': [ '3.2.2' ],
15 silly audit   '@types/d3-color': [ '3.1.3' ],
15 silly audit   '@types/d3-ease': [ '3.0.2' ],
15 silly audit   '@types/d3-interpolate': [ '3.0.4' ],
15 silly audit   '@types/d3-path': [ '3.1.1' ],
15 silly audit   '@types/d3-scale': [ '4.0.9' ],
15 silly audit   '@types/d3-shape': [ '3.1.7' ],
15 silly audit   '@types/d3-time': [ '3.0.4' ],
15 silly audit   '@types/d3-timer': [ '3.0.2' ],
15 silly audit   '@types/estree': [ '1.0.8' ],
15 silly audit   '@types/prop-types': [ '15.7.15' ],
15 silly audit   '@types/react': [ '18.3.24' ],
15 silly audit   '@types/react-dom': [ '18.3.7' ],
15 silly audit   '@types/triple-beam': [ '1.3.5' ],
15 silly audit   '@ungap/structured-clone': [ '1.3.0' ],
15 silly audit   '@vitejs/plugin-react': [ '4.7.0' ],
15 silly audit   accepts: [ '1.3.8' ],
15 silly audit   acorn: [ '8.15.0' ],
15 silly audit   'acorn-jsx': [ '5.3.2' ],
15 silly audit   ajv: [ '6.12.6' ],
15 silly audit   'ansi-styles': [ '4.3.0', '3.2.1', '6.2.3' ],
15 silly audit   'any-promise': [ '1.3.0' ],
15 silly audit   anymatch: [ '3.1.3' ],
15 silly audit   arg: [ '5.0.2' ],
15 silly audit   argparse: [ '2.0.1' ],
15 silly audit   'aria-hidden': [ '1.2.6' ],
15 silly audit   'array-buffer-byte-length': [ '1.0.2' ],
15 silly audit   'array-flatten': [ '1.1.1' ],
15 silly audit   'array-includes': [ '3.1.9' ],
15 silly audit   'array.prototype.findlast': [ '1.2.5' ],
15 silly audit   'array.prototype.flat': [ '1.3.3' ],
15 silly audit   'array.prototype.flatmap': [ '1.3.3' ],
15 silly audit   'array.prototype.tosorted': [ '1.1.4' ],
15 silly audit   'arraybuffer.prototype.slice': [ '1.0.4' ],
15 silly audit   async: [ '3.2.6' ],
15 silly audit   'async-function': [ '1.0.0' ],
15 silly audit   asynckit: [ '0.4.0' ],
15 silly audit   autoprefixer: [ '10.4.21' ],
15 silly audit   'available-typed-arrays': [ '1.0.7' ],
15 silly audit   axios: [ '1.12.2' ],
15 silly audit   'balanced-match': [ '1.0.2' ],
15 silly audit   'baseline-browser-mapping': [ '2.8.7' ],
15 silly audit   'binary-extensions': [ '2.3.0' ],
15 silly audit   'body-parser': [ '1.20.3' ],
15 silly audit   debug: [ '2.6.9', '4.4.3' ],
15 silly audit   ms: [ '2.0.0', '2.1.3' ],
15 silly audit   'brace-expansion': [ '1.1.12', '2.0.2' ],
15 silly audit   braces: [ '3.0.3' ],
15 silly audit   browserslist: [ '4.26.2' ],
15 silly audit   bytes: [ '3.1.2' ],
15 silly audit   'call-bind': [ '1.0.8' ],
15 silly audit   'call-bind-apply-helpers': [ '1.0.2' ],
15 silly audit   'call-bound': [ '1.0.4' ],
15 silly audit   callsites: [ '3.1.0' ],
15 silly audit   'camelcase-css': [ '2.0.1' ],
15 silly audit   'caniuse-lite': [ '1.0.30001745' ],
15 silly audit   chalk: [ '4.1.2', '2.4.2' ],
15 silly audit   chokidar: [ '3.6.0' ],
15 silly audit   'glob-parent': [ '5.1.2', '6.0.2' ],
15 silly audit   'class-variance-authority': [ '0.7.1' ],
15 silly audit   clsx: [ '2.1.1' ],
15 silly audit   cmdk: [ '1.1.1' ],
15 silly audit   color: [ '3.2.1' ],
15 silly audit   'color-convert': [ '2.0.1', '1.9.3' ],
15 silly audit   'color-name': [ '1.1.4', '1.1.3' ],
15 silly audit   'color-string': [ '1.9.1' ],
15 silly audit   colorspace: [ '1.1.4' ],
15 silly audit   'combined-stream': [ '1.0.8' ],
15 silly audit   commander: [ '4.1.1' ],
15 silly audit   'concat-map': [ '0.0.1' ],
15 silly audit   'content-disposition': [ '0.5.4' ],
15 silly audit   'content-type': [ '1.0.5' ],
15 silly audit   'convert-source-map': [ '2.0.0' ],
15 silly audit   cookie: [ '0.7.1' ],
15 silly audit   'cookie-signature': [ '1.0.6' ],
15 silly audit   cors: [ '2.8.5' ],
15 silly audit   'cross-spawn': [ '7.0.6', '6.0.6' ],
15 silly audit   cssesc: [ '3.0.0' ],
15 silly audit   csstype: [ '3.1.3' ],
15 silly audit   'd3-array': [ '3.2.4' ],
15 silly audit   'd3-color': [ '3.1.0' ],
15 silly audit   'd3-ease': [ '3.0.1' ],
15 silly audit   'd3-format': [ '3.1.0' ],
15 silly audit   'd3-interpolate': [ '3.0.1' ],
15 silly audit   'd3-path': [ '3.1.0' ],
15 silly audit   'd3-scale': [ '4.0.2' ],
15 silly audit   'd3-shape': [ '3.2.0' ],
15 silly audit   'd3-time': [ '3.1.0' ],
15 silly audit   'd3-time-format': [ '4.1.0' ],
15 silly audit   'd3-timer': [ '3.0.1' ],
15 silly audit   'data-view-buffer': [ '1.0.2' ],
15 silly audit   'data-view-byte-length': [ '1.0.2' ],
15 silly audit   'data-view-byte-offset': [ '1.0.1' ],
15 silly audit   'date-fns': [ '3.6.0' ],
15 silly audit   'decimal.js-light': [ '2.5.1' ],
15 silly audit   'deep-is': [ '0.1.4' ],
15 silly audit   'define-data-property': [ '1.1.4' ],
15 silly audit   'define-properties': [ '1.2.1' ],
15 silly audit   'delayed-stream': [ '1.0.0' ],
15 silly audit   depd: [ '2.0.0' ],
15 silly audit   destroy: [ '1.2.0' ],
15 silly audit   'detect-node-es': [ '1.1.0' ],
15 silly audit   didyoumean: [ '1.2.2' ],
15 silly audit   dlv: [ '1.1.3' ],
15 silly audit   doctrine: [ '3.0.0', '2.1.0' ],
15 silly audit   'dom-helpers': [ '5.2.1' ],
15 silly audit   'dunder-proto': [ '1.0.1' ],
15 silly audit   eastasianwidth: [ '0.2.0' ],
15 silly audit   'ee-first': [ '1.1.1' ],
15 silly audit   'electron-to-chromium': [ '1.5.224' ],
15 silly audit   'embla-carousel': [ '8.6.0' ],
15 silly audit   'embla-carousel-react': [ '8.6.0' ],
15 silly audit   'embla-carousel-reactive-utils': [ '8.6.0' ],
15 silly audit   'emoji-regex': [ '9.2.2', '8.0.0' ],
15 silly audit   enabled: [ '2.0.0' ],
15 silly audit   encodeurl: [ '2.0.0', '1.0.2' ],
15 silly audit   'error-ex': [ '1.3.4' ],
15 silly audit   'is-arrayish': [ '0.2.1', '0.3.4' ],
15 silly audit   'es-abstract': [ '1.24.0' ],
15 silly audit   'es-define-property': [ '1.0.1' ],
15 silly audit   'es-errors': [ '1.3.0' ],
15 silly audit   'es-iterator-helpers': [ '1.2.1' ],
15 silly audit   'es-object-atoms': [ '1.1.1' ],
15 silly audit   'es-set-tostringtag': [ '2.1.0' ],
15 silly audit   'es-shim-unscopables': [ '1.1.0' ],
15 silly audit   'es-to-primitive': [ '1.3.0' ],
15 silly audit   esbuild: [ '0.21.5' ],
15 silly audit   escalade: [ '3.2.0' ],
15 silly audit   'escape-html': [ '1.0.3' ],
15 silly audit   'escape-string-regexp': [ '4.0.0', '1.0.5' ],
15 silly audit   eslint: [ '8.57.1' ],
15 silly audit   'eslint-plugin-react': [ '7.37.5' ],
15 silly audit   'eslint-plugin-react-hooks': [ '4.6.2' ],
15 silly audit   'eslint-plugin-react-refresh': [ '0.4.22' ],
15 silly audit   'eslint-scope': [ '7.2.2' ],
15 silly audit   'eslint-visitor-keys': [ '3.4.3' ],
15 silly audit   espree: [ '9.6.1' ],
15 silly audit   esquery: [ '1.6.0' ],
15 silly audit   esrecurse: [ '4.3.0' ],
15 silly audit   estraverse: [ '5.3.0' ],
15 silly audit   esutils: [ '2.0.3' ],
15 silly audit   etag: [ '1.8.1' ],
15 silly audit   eventemitter3: [ '4.0.7' ],
15 silly audit   express: [ '4.21.2' ],
15 silly audit   'fast-deep-equal': [ '3.1.3' ],
15 silly audit   'fast-equals': [ '5.3.1' ],
15 silly audit   'fast-glob': [ '3.3.3' ],
15 silly audit   'fast-json-stable-stringify': [ '2.1.0' ],
15 silly audit   'fast-levenshtein': [ '2.0.6' ],
15 silly audit   fastq: [ '1.19.1' ],
15 silly audit   fecha: [ '4.2.3' ],
15 silly audit   'file-entry-cache': [ '6.0.1' ],
15 silly audit   'file-stream-rotator': [ '0.6.1' ],
15 silly audit   'fill-range': [ '7.1.1' ],
15 silly audit   finalhandler: [ '1.3.1' ],
15 silly audit   'find-up': [ '5.0.0' ],
15 silly audit   'flat-cache': [ '3.2.0' ],
15 silly audit   flatted: [ '3.3.3' ],
15 silly audit   'fn.name': [ '1.1.0' ],
15 silly audit   'follow-redirects': [ '1.15.11' ],
15 silly audit   'for-each': [ '0.3.5' ],
15 silly audit   'foreground-child': [ '3.3.1' ],
15 silly audit   'form-data': [ '4.0.4' ],
15 silly audit   forwarded: [ '0.2.0' ],
15 silly audit   'fraction.js': [ '4.3.7' ],
15 silly audit   'framer-motion': [ '11.18.2' ],
15 silly audit   fresh: [ '0.5.2' ],
15 silly audit   'fs.realpath': [ '1.0.0' ],
15 silly audit   fsevents: [ '2.3.3' ],
15 silly audit   'function-bind': [ '1.1.2' ],
15 silly audit   'function.prototype.name': [ '1.1.8' ],
15 silly audit   'functions-have-names': [ '1.2.3' ],
15 silly audit   gensync: [ '1.0.0-beta.2' ],
15 silly audit   'get-intrinsic': [ '1.3.0' ],
15 silly audit   'get-nonce': [ '1.0.1' ],
15 silly audit   'get-proto': [ '1.0.1' ],
15 silly audit   'get-symbol-description': [ '1.1.0' ],
15 silly audit   glob: [ '7.2.3', '10.4.5' ],
15 silly audit   globals: [ '13.24.0' ],
15 silly audit   globalthis: [ '1.0.4' ],
15 silly audit   gopd: [ '1.2.0' ],
15 silly audit   'graceful-fs': [ '4.2.11' ],
15 silly audit   graphemer: [ '1.4.0' ],
15 silly audit   'has-bigints': [ '1.1.0' ],
15 silly audit   'has-flag': [ '4.0.0', '3.0.0' ],
15 silly audit   'has-property-descriptors': [ '1.0.2' ],
15 silly audit   'has-proto': [ '1.2.0' ],
15 silly audit   'has-symbols': [ '1.1.0' ],
15 silly audit   'has-tostringtag': [ '1.0.2' ],
15 silly audit   hasown: [ '2.0.2' ],
15 silly audit   'hosted-git-info': [ '2.8.9' ],
15 silly audit   'html-to-image': [ '1.11.13' ],
15 silly audit   'http-errors': [ '2.0.0' ],
15 silly audit   'iconv-lite': [ '0.4.24' ],
15 silly audit   ignore: [ '5.3.2' ],
15 silly audit   'import-fresh': [ '3.3.1' ],
15 silly audit   imurmurhash: [ '0.1.4' ],
15 silly audit   inflight: [ '1.0.6' ],
15 silly audit   inherits: [ '2.0.4' ],
15 silly audit   'input-otp': [ '1.4.2' ],
15 silly audit   'internal-slot': [ '1.1.0' ],
15 silly audit   internmap: [ '2.0.3' ],
15 silly audit   'ipaddr.js': [ '1.9.1' ],
15 silly audit   'is-array-buffer': [ '3.0.5' ],
15 silly audit   'is-async-function': [ '2.1.1' ],
15 silly audit   'is-bigint': [ '1.1.0' ],
15 silly audit   'is-binary-path': [ '2.1.0' ],
15 silly audit   'is-boolean-object': [ '1.2.2' ],
15 silly audit   'is-callable': [ '1.2.7' ],
15 silly audit   'is-core-module': [ '2.16.1' ],
15 silly audit   'is-data-view': [ '1.0.2' ],
15 silly audit   'is-date-object': [ '1.1.0' ],
15 silly audit   'is-extglob': [ '2.1.1' ],
15 silly audit   'is-finalizationregistry': [ '1.1.1' ],
15 silly audit   'is-fullwidth-code-point': [ '3.0.0' ],
15 silly audit   'is-generator-function': [ '1.1.0' ],
15 silly audit   'is-glob': [ '4.0.3' ],
15 silly audit   'is-map': [ '2.0.3' ],
15 silly audit   'is-negative-zero': [ '2.0.3' ],
15 silly audit   'is-number': [ '7.0.0' ],
15 silly audit   'is-number-object': [ '1.1.1' ],
15 silly audit   'is-path-inside': [ '3.0.3' ],
15 silly audit   'is-regex': [ '1.2.1' ],
15 silly audit   'is-set': [ '2.0.3' ],
15 silly audit   'is-shared-array-buffer': [ '1.0.4' ],
15 silly audit   'is-stream': [ '2.0.1' ],
15 silly audit   'is-string': [ '1.1.1' ],
15 silly audit   'is-symbol': [ '1.1.1' ],
15 silly audit   'is-typed-array': [ '1.1.15' ],
15 silly audit   'is-weakmap': [ '2.0.2' ],
15 silly audit   'is-weakref': [ '1.1.1' ],
15 silly audit   'is-weakset': [ '2.0.4' ],
15 silly audit   isarray: [ '2.0.5' ],
15 silly audit   isexe: [ '2.0.0' ],
15 silly audit   'iterator.prototype': [ '1.1.5' ],
15 silly audit   jackspeak: [ '3.4.3' ],
15 silly audit   jiti: [ '1.21.7' ],
15 silly audit   'js-tokens': [ '4.0.0' ],
15 silly audit   'js-yaml': [ '4.1.0' ],
15 silly audit   jsesc: [ '3.1.0' ],
15 silly audit   'json-buffer': [ '3.0.1' ],
15 silly audit   'json-parse-better-errors': [ '1.0.2' ],
15 silly audit   'json-schema-traverse': [ '0.4.1' ],
15 silly audit   'json-stable-stringify-without-jsonify': [ '1.0.1' ],
15 silly audit   json5: [ '2.2.3' ],
15 silly audit   'jsx-ast-utils': [ '3.3.5' ],
15 silly audit   keyv: [ '4.5.4' ],
15 silly audit   kuler: [ '2.0.0' ],
15 silly audit   levn: [ '0.4.1' ],
15 silly audit   lilconfig: [ '3.1.3' ],
15 silly audit   'lines-and-columns': [ '1.2.4' ],
15 silly audit   'load-json-file': [ '4.0.0' ],
15 silly audit   pify: [ '3.0.0', '2.3.0' ],
15 silly audit   'locate-path': [ '6.0.0' ],
15 silly audit   lodash: [ '4.17.21' ],
15 silly audit   'lodash.merge': [ '4.6.2' ],
15 silly audit   logform: [ '2.7.0' ],
15 silly audit   'loose-envify': [ '1.4.0' ],
15 silly audit   'lru-cache': [ '5.1.1', '10.4.3' ],
15 silly audit   'lucide-react': [ '0.417.0' ],
15 silly audit   'math-intrinsics': [ '1.1.0' ],
15 silly audit   'media-typer': [ '0.3.0' ],
15 silly audit   memorystream: [ '0.3.1' ],
15 silly audit   'merge-descriptors': [ '1.0.3' ],
15 silly audit   merge2: [ '1.4.1' ],
15 silly audit   methods: [ '1.1.2' ],
15 silly audit   micromatch: [ '4.0.8' ],
15 silly audit   mime: [ '1.6.0' ],
15 silly audit   'mime-db': [ '1.52.0' ],
15 silly audit   'mime-types': [ '2.1.35' ],
15 silly audit   minimatch: [ '3.1.2', '9.0.5' ],
15 silly audit   minipass: [ '7.1.2' ],
15 silly audit   moment: [ '2.30.1' ],
15 silly audit   'motion-dom': [ '11.18.1' ],
15 silly audit   'motion-utils': [ '11.18.1' ],
15 silly audit   mz: [ '2.7.0' ],
15 silly audit   nanoid: [ '3.3.11' ],
15 silly audit   'natural-compare': [ '1.4.0' ],
15 silly audit   negotiator: [ '0.6.3' ],
15 silly audit   'next-themes': [ '0.3.0' ],
15 silly audit   'nice-try': [ '1.0.5' ],
15 silly audit   'node-releases': [ '2.0.21' ],
15 silly audit   'normalize-package-data': [ '2.5.0' ],
15 silly audit   resolve: [ '1.22.11', '1.22.10', '2.0.0-next.5' ],
15 silly audit   semver: [ '5.7.2', '6.3.1' ],
15 silly audit   'normalize-path': [ '3.0.0' ],
15 silly audit   'normalize-range': [ '0.1.2' ],
15 silly audit   'npm-run-all': [ '4.1.5' ],
15 silly audit   'path-key': [ '2.0.1', '3.1.1' ],
15 silly audit   'shebang-command': [ '1.2.0', '2.0.0' ],
15 silly audit   'shebang-regex': [ '1.0.0', '3.0.0' ],
15 silly audit   'supports-color': [ '5.5.0', '7.2.0' ],
15 silly audit   which: [ '1.3.1', '2.0.2' ],
15 silly audit   'object-assign': [ '4.1.1' ],
15 silly audit   'object-hash': [ '3.0.0' ],
15 silly audit   'object-inspect': [ '1.13.4' ],
15 silly audit   'object-keys': [ '1.1.1' ],
15 silly audit   'object.assign': [ '4.1.7' ],
15 silly audit   'object.entries': [ '1.1.9' ],
15 silly audit   'object.fromentries': [ '2.0.8' ],
15 silly audit   'object.values': [ '1.2.1' ],
15 silly audit   'on-finished': [ '2.4.1' ],
15 silly audit   once: [ '1.4.0' ],
15 silly audit   'one-time': [ '1.0.0' ],
15 silly audit   optionator: [ '0.9.4' ],
15 silly audit   'own-keys': [ '1.0.1' ],
15 silly audit   'p-limit': [ '3.1.0' ],
15 silly audit   'p-locate': [ '5.0.0' ],
15 silly audit   'package-json-from-dist': [ '1.0.1' ],
15 silly audit   'parent-module': [ '1.0.1' ],
15 silly audit   'parse-json': [ '4.0.0' ],
15 silly audit   parseurl: [ '1.3.3' ],
15 silly audit   'path-exists': [ '4.0.0' ],
15 silly audit   'path-is-absolute': [ '1.0.1' ],
15 silly audit   'path-parse': [ '1.0.7' ],
15 silly audit   'path-scurry': [ '1.11.1' ],
15 silly audit   'path-to-regexp': [ '0.1.12' ],
15 silly audit   'path-type': [ '3.0.0' ],
15 silly audit   picocolors: [ '1.1.1' ],
15 silly audit   picomatch: [ '2.3.1' ],
15 silly audit   pidtree: [ '0.3.1' ],
15 silly audit   pirates: [ '4.0.7' ],
15 silly audit   'possible-typed-array-names': [ '1.1.0' ],
15 silly audit   postcss: [ '8.5.6' ],
15 silly audit   'postcss-import': [ '15.1.0' ],
15 silly audit   'postcss-js': [ '4.1.0' ],
15 silly audit   'postcss-load-config': [ '4.0.2' ],
15 silly audit   'postcss-nested': [ '6.2.0' ],
15 silly audit   'postcss-selector-parser': [ '6.1.2' ],
15 silly audit   'postcss-value-parser': [ '4.2.0' ],
15 silly audit   'prelude-ls': [ '1.2.1' ],
15 silly audit   'prop-types': [ '15.8.1' ],
15 silly audit   'proxy-addr': [ '2.0.7' ],
15 silly audit   'proxy-from-env': [ '1.1.0' ],
15 silly audit   punycode: [ '2.3.1' ],
15 silly audit   qs: [ '6.13.0' ],
15 silly audit   'queue-microtask': [ '1.2.3' ],
15 silly audit   'range-parser': [ '1.2.1' ],
15 silly audit   'raw-body': [ '2.5.2' ],
15 silly audit   react: [ '18.3.1' ],
15 silly audit   'react-day-picker': [ '8.10.1' ],
15 silly audit   'react-dom': [ '18.3.1' ],
15 silly audit   'react-hook-form': [ '7.63.0' ],
15 silly audit   'react-is': [ '16.13.1', '18.3.1' ],
15 silly audit   'react-refresh': [ '0.17.0' ],
15 silly audit   'react-remove-scroll': [ '2.7.1' ],
15 silly audit   'react-remove-scroll-bar': [ '2.3.8' ],
15 silly audit   'react-resizable-panels': [ '2.1.9' ],
15 silly audit   'react-router': [ '6.30.1' ],
15 silly audit   'react-router-dom': [ '6.30.1' ],
15 silly audit   'react-smooth': [ '4.0.4' ],
15 silly audit   'react-style-singleton': [ '2.2.3' ],
15 silly audit   'react-transition-group': [ '4.4.5' ],
15 silly audit   'read-cache': [ '1.0.0' ],
15 silly audit   'read-pkg': [ '3.0.0' ],
15 silly audit   'readable-stream': [ '3.6.2' ],
15 silly audit   readdirp: [ '3.6.0' ],
15 silly audit   recharts: [ '2.15.4' ],
15 silly audit   'recharts-scale': [ '0.4.5' ],
15 silly audit   'reflect.getprototypeof': [ '1.0.10' ],
15 silly audit   'regexp.prototype.flags': [ '1.5.4' ],
15 silly audit   'resolve-from': [ '4.0.0' ],
15 silly audit   reusify: [ '1.1.0' ],
15 silly audit   rimraf: [ '3.0.2' ],
15 silly audit   rollup: [ '4.52.2' ],
15 silly audit   'run-parallel': [ '1.2.0' ],
15 silly audit   'safe-array-concat': [ '1.1.3' ],
15 silly audit   'safe-buffer': [ '5.2.1' ],
15 silly audit   'safe-push-apply': [ '1.0.0' ],
15 silly audit   'safe-regex-test': [ '1.1.0' ],
15 silly audit   'safe-stable-stringify': [ '2.5.0' ],
15 silly audit   'safer-buffer': [ '2.1.2' ],
15 silly audit   scheduler: [ '0.23.2' ],
15 silly audit   send: [ '0.19.0' ],
15 silly audit   'serve-static': [ '1.16.2' ],
15 silly audit   'set-function-length': [ '1.2.2' ],
15 silly audit   'set-function-name': [ '2.0.2' ],
15 silly audit   'set-proto': [ '1.0.0' ],
15 silly audit   setprototypeof: [ '1.2.0' ],
15 silly audit   'shell-quote': [ '1.8.3' ],
15 silly audit   'side-channel': [ '1.1.0' ],
15 silly audit   'side-channel-list': [ '1.0.0' ],
15 silly audit   'side-channel-map': [ '1.0.1' ],
15 silly audit   'side-channel-weakmap': [ '1.0.2' ],
15 silly audit   'signal-exit': [ '4.1.0' ],
15 silly audit   'simple-swizzle': [ '0.2.4' ],
15 silly audit   sonner: [ '1.7.4' ],
15 silly audit   'source-map-js': [ '1.2.1' ],
15 silly audit   'spdx-correct': [ '3.2.0' ],
15 silly audit   'spdx-exceptions': [ '2.5.0' ],
15 silly audit   'spdx-expression-parse': [ '3.0.1' ],
15 silly audit   'spdx-license-ids': [ '3.0.22' ],
15 silly audit   'stack-trace': [ '0.0.10' ],
15 silly audit   statuses: [ '2.0.1' ],
15 silly audit   'stop-iteration-iterator': [ '1.1.0' ],
15 silly audit   string_decoder: [ '1.3.0' ],
15 silly audit   'string-width': [ '5.1.2', '4.2.3' ],
15 silly audit   'string.prototype.matchall': [ '4.0.12' ],
15 silly audit   'string.prototype.padend': [ '3.1.6' ],
15 silly audit   'string.prototype.repeat': [ '1.0.0' ],
15 silly audit   'string.prototype.trim': [ '1.2.10' ],
15 silly audit   'string.prototype.trimend': [ '1.0.9' ],
15 silly audit   'string.prototype.trimstart': [ '1.0.8' ],
15 silly audit   'strip-bom': [ '3.0.0' ],
15 silly audit   'strip-json-comments': [ '3.1.1' ],
15 silly audit   sucrase: [ '3.35.0' ],
15 silly audit   'supports-preserve-symlinks-flag': [ '1.0.0' ],
15 silly audit   'tailwind-merge': [ '2.6.0' ],
15 silly audit   tailwindcss: [ '3.4.17' ],
15 silly audit   'tailwindcss-animate': [ '1.0.7' ],
15 silly audit   'text-hex': [ '1.0.0' ],
15 silly audit   'text-table': [ '0.2.0' ],
15 silly audit   thenify: [ '3.3.1' ],
15 silly audit   'thenify-all': [ '1.6.0' ],
15 silly audit   'tiny-invariant': [ '1.3.3' ],
15 silly audit   'to-regex-range': [ '5.0.1' ],
15 silly audit   toidentifier: [ '1.0.1' ],
15 silly audit   'triple-beam': [ '1.4.1' ],
15 silly audit   'ts-interface-checker': [ '0.1.13' ],
15 silly audit   tslib: [ '2.8.1' ],
15 silly audit   'type-check': [ '0.4.0' ],
15 silly audit   'type-fest': [ '0.20.2' ],
15 silly audit   'type-is': [ '1.6.18' ],
15 silly audit   'typed-array-buffer': [ '1.0.3' ],
15 silly audit   'typed-array-byte-length': [ '1.0.3' ],
15 silly audit   'typed-array-byte-offset': [ '1.0.4' ],
15 silly audit   'typed-array-length': [ '1.0.7' ],
15 silly audit   'unbox-primitive': [ '1.1.0' ],
15 silly audit   unpipe: [ '1.0.0' ],
15 silly audit   'update-browserslist-db': [ '1.1.3' ],
15 silly audit   'uri-js': [ '4.4.1' ],
15 silly audit   'use-callback-ref': [ '1.3.3' ],
15 silly audit   'use-sidecar': [ '1.1.3' ],
15 silly audit   'use-sync-external-store': [ '1.5.0' ],
15 silly audit   'util-deprecate': [ '1.0.2' ],
15 silly audit   'utils-merge': [ '1.0.1' ],
15 silly audit   'validate-npm-package-license': [ '3.0.4' ],
15 silly audit   vary: [ '1.1.2' ],
15 silly audit   vaul: [ '0.9.9' ],
15 silly audit   'victory-vendor': [ '36.9.2' ],
15 silly audit   vite: [ '5.4.11' ],
15 silly audit   'which-boxed-primitive': [ '1.1.1' ],
15 silly audit   'which-builtin-type': [ '1.2.1' ],
15 silly audit   'which-collection': [ '1.0.2' ],
15 silly audit   'which-typed-array': [ '1.1.19' ],
15 silly audit   winston: [ '3.17.0' ],
15 silly audit   'winston-daily-rotate-file': [ '5.0.0' ],
15 silly audit   'winston-transport': [ '4.9.0' ],
15 silly audit   'word-wrap': [ '1.2.5' ],
15 silly audit   'wrap-ansi': [ '8.1.0', '7.0.0' ],
15 silly audit   wrappy: [ '1.0.2' ],
15 silly audit   yallist: [ '3.1.1' ],
15 silly audit   yaml: [ '2.8.1' ],
15 silly audit   'yocto-queue': [ '0.1.0' ],
15 silly audit   zod: [ '3.25.76' ]
15 silly audit }
16 verbose reify failed optional dependency /Users/xigua/nocode-40967826846a478a/node_modules/@rollup/rollup-win32-x64-msvc
17 silly reify mark deleted [
17 silly reify   '/Users/xigua/nocode-40967826846a478a/node_modules/@rollup/rollup-win32-x64-msvc'
17 silly reify ]
18 verbose reify failed optional dependency /Users/xigua/nocode-40967826846a478a/node_modules/@rollup/rollup-win32-x64-gnu
19 silly reify mark deleted [
19 silly reify   '/Users/xigua/nocode-40967826846a478a/node_modules/@rollup/rollup-win32-x64-gnu'
19 silly reify ]
20 verbose reify failed optional dependency /Users/xigua/nocode-40967826846a478a/node_modules/@rollup/rollup-win32-ia32-msvc
21 silly reify mark deleted [
21 silly reify   '/Users/xigua/nocode-40967826846a478a/node_modules/@rollup/rollup-win32-ia32-msvc'
21 silly reify ]
22 verbose reify failed optional dependency /Users/xigua/nocode-40967826846a478a/node_modules/@rollup/rollup-win32-arm64-msvc
23 silly reify mark deleted [
23 silly reify   '/Users/xigua/nocode-40967826846a478a/node_modules/@rollup/rollup-win32-arm64-msvc'
23 silly reify ]
24 verbose reify failed optional dependency /Users/xigua/nocode-40967826846a478a/node_modules/@rollup/rollup-openharmony-arm64
25 silly reify mark deleted [
25 silly reify   '/Users/xigua/nocode-40967826846a478a/node_modules/@rollup/rollup-openharmony-arm64'
25 silly reify ]
26 verbose reify failed optional dependency /Users/xigua/nocode-40967826846a478a/node_modules/@rollup/rollup-linux-x64-musl
27 silly reify mark deleted [
27 silly reify   '/Users/xigua/nocode-40967826846a478a/node_modules/@rollup/rollup-linux-x64-musl'
27 silly reify ]
28 verbose reify failed optional dependency /Users/xigua/nocode-40967826846a478a/node_modules/@rollup/rollup-linux-x64-gnu
29 silly reify mark deleted [
29 silly reify   '/Users/xigua/nocode-40967826846a478a/node_modules/@rollup/rollup-linux-x64-gnu'
29 silly reify ]
30 verbose reify failed optional dependency /Users/xigua/nocode-40967826846a478a/node_modules/@rollup/rollup-linux-s390x-gnu
31 silly reify mark deleted [
31 silly reify   '/Users/xigua/nocode-40967826846a478a/node_modules/@rollup/rollup-linux-s390x-gnu'
31 silly reify ]
32 verbose reify failed optional dependency /Users/xigua/nocode-40967826846a478a/node_modules/@rollup/rollup-linux-riscv64-musl
33 silly reify mark deleted [
33 silly reify   '/Users/xigua/nocode-40967826846a478a/node_modules/@rollup/rollup-linux-riscv64-musl'
33 silly reify ]
34 verbose reify failed optional dependency /Users/xigua/nocode-40967826846a478a/node_modules/@rollup/rollup-linux-riscv64-gnu
35 silly reify mark deleted [
35 silly reify   '/Users/xigua/nocode-40967826846a478a/node_modules/@rollup/rollup-linux-riscv64-gnu'
35 silly reify ]
36 verbose reify failed optional dependency /Users/xigua/nocode-40967826846a478a/node_modules/@rollup/rollup-linux-ppc64-gnu
37 silly reify mark deleted [
37 silly reify   '/Users/xigua/nocode-40967826846a478a/node_modules/@rollup/rollup-linux-ppc64-gnu'
37 silly reify ]
38 verbose reify failed optional dependency /Users/xigua/nocode-40967826846a478a/node_modules/@rollup/rollup-linux-loong64-gnu
39 silly reify mark deleted [
39 silly reify   '/Users/xigua/nocode-40967826846a478a/node_modules/@rollup/rollup-linux-loong64-gnu'
39 silly reify ]
40 verbose reify failed optional dependency /Users/xigua/nocode-40967826846a478a/node_modules/@rollup/rollup-linux-arm64-musl
41 silly reify mark deleted [
41 silly reify   '/Users/xigua/nocode-40967826846a478a/node_modules/@rollup/rollup-linux-arm64-musl'
41 silly reify ]
42 verbose reify failed optional dependency /Users/xigua/nocode-40967826846a478a/node_modules/@rollup/rollup-linux-arm64-gnu
43 silly reify mark deleted [
43 silly reify   '/Users/xigua/nocode-40967826846a478a/node_modules/@rollup/rollup-linux-arm64-gnu'
43 silly reify ]
44 verbose reify failed optional dependency /Users/xigua/nocode-40967826846a478a/node_modules/@rollup/rollup-linux-arm-musleabihf
45 silly reify mark deleted [
45 silly reify   '/Users/xigua/nocode-40967826846a478a/node_modules/@rollup/rollup-linux-arm-musleabihf'
45 silly reify ]
46 verbose reify failed optional dependency /Users/xigua/nocode-40967826846a478a/node_modules/@rollup/rollup-linux-arm-gnueabihf
47 silly reify mark deleted [
47 silly reify   '/Users/xigua/nocode-40967826846a478a/node_modules/@rollup/rollup-linux-arm-gnueabihf'
47 silly reify ]
48 verbose reify failed optional dependency /Users/xigua/nocode-40967826846a478a/node_modules/@rollup/rollup-freebsd-x64
49 silly reify mark deleted [
49 silly reify   '/Users/xigua/nocode-40967826846a478a/node_modules/@rollup/rollup-freebsd-x64'
49 silly reify ]
50 verbose reify failed optional dependency /Users/xigua/nocode-40967826846a478a/node_modules/@rollup/rollup-freebsd-arm64
51 silly reify mark deleted [
51 silly reify   '/Users/xigua/nocode-40967826846a478a/node_modules/@rollup/rollup-freebsd-arm64'
51 silly reify ]
52 verbose reify failed optional dependency /Users/xigua/nocode-40967826846a478a/node_modules/@rollup/rollup-darwin-x64
53 silly reify mark deleted [
53 silly reify   '/Users/xigua/nocode-40967826846a478a/node_modules/@rollup/rollup-darwin-x64'
53 silly reify ]
54 verbose reify failed optional dependency /Users/xigua/nocode-40967826846a478a/node_modules/@rollup/rollup-android-arm64
55 silly reify mark deleted [
55 silly reify   '/Users/xigua/nocode-40967826846a478a/node_modules/@rollup/rollup-android-arm64'
55 silly reify ]
56 verbose reify failed optional dependency /Users/xigua/nocode-40967826846a478a/node_modules/@rollup/rollup-android-arm-eabi
57 silly reify mark deleted [
57 silly reify   '/Users/xigua/nocode-40967826846a478a/node_modules/@rollup/rollup-android-arm-eabi'
57 silly reify ]
58 verbose reify failed optional dependency /Users/xigua/nocode-40967826846a478a/node_modules/@esbuild/win32-x64
59 silly reify mark deleted [
59 silly reify   '/Users/xigua/nocode-40967826846a478a/node_modules/@esbuild/win32-x64'
59 silly reify ]
60 verbose reify failed optional dependency /Users/xigua/nocode-40967826846a478a/node_modules/@esbuild/win32-ia32
61 silly reify mark deleted [
61 silly reify   '/Users/xigua/nocode-40967826846a478a/node_modules/@esbuild/win32-ia32'
61 silly reify ]
62 verbose reify failed optional dependency /Users/xigua/nocode-40967826846a478a/node_modules/@esbuild/win32-arm64
63 silly reify mark deleted [
63 silly reify   '/Users/xigua/nocode-40967826846a478a/node_modules/@esbuild/win32-arm64'
63 silly reify ]
64 verbose reify failed optional dependency /Users/xigua/nocode-40967826846a478a/node_modules/@esbuild/sunos-x64
65 silly reify mark deleted [
65 silly reify   '/Users/xigua/nocode-40967826846a478a/node_modules/@esbuild/sunos-x64'
65 silly reify ]
66 verbose reify failed optional dependency /Users/xigua/nocode-40967826846a478a/node_modules/@esbuild/openbsd-x64
67 silly reify mark deleted [
67 silly reify   '/Users/xigua/nocode-40967826846a478a/node_modules/@esbuild/openbsd-x64'
67 silly reify ]
68 verbose reify failed optional dependency /Users/xigua/nocode-40967826846a478a/node_modules/@esbuild/netbsd-x64
69 silly reify mark deleted [
69 silly reify   '/Users/xigua/nocode-40967826846a478a/node_modules/@esbuild/netbsd-x64'
69 silly reify ]
70 verbose reify failed optional dependency /Users/xigua/nocode-40967826846a478a/node_modules/@esbuild/linux-x64
71 silly reify mark deleted [
71 silly reify   '/Users/xigua/nocode-40967826846a478a/node_modules/@esbuild/linux-x64'
71 silly reify ]
72 verbose reify failed optional dependency /Users/xigua/nocode-40967826846a478a/node_modules/@esbuild/linux-s390x
73 silly reify mark deleted [
73 silly reify   '/Users/xigua/nocode-40967826846a478a/node_modules/@esbuild/linux-s390x'
73 silly reify ]
74 verbose reify failed optional dependency /Users/xigua/nocode-40967826846a478a/node_modules/@esbuild/linux-riscv64
75 silly reify mark deleted [
75 silly reify   '/Users/xigua/nocode-40967826846a478a/node_modules/@esbuild/linux-riscv64'
75 silly reify ]
76 verbose reify failed optional dependency /Users/xigua/nocode-40967826846a478a/node_modules/@esbuild/linux-ppc64
77 silly reify mark deleted [
77 silly reify   '/Users/xigua/nocode-40967826846a478a/node_modules/@esbuild/linux-ppc64'
77 silly reify ]
78 verbose reify failed optional dependency /Users/xigua/nocode-40967826846a478a/node_modules/@esbuild/linux-mips64el
79 silly reify mark deleted [
79 silly reify   '/Users/xigua/nocode-40967826846a478a/node_modules/@esbuild/linux-mips64el'
79 silly reify ]
80 verbose reify failed optional dependency /Users/xigua/nocode-40967826846a478a/node_modules/@esbuild/linux-loong64
81 silly reify mark deleted [
81 silly reify   '/Users/xigua/nocode-40967826846a478a/node_modules/@esbuild/linux-loong64'
81 silly reify ]
82 verbose reify failed optional dependency /Users/xigua/nocode-40967826846a478a/node_modules/@esbuild/linux-ia32
83 silly reify mark deleted [
83 silly reify   '/Users/xigua/nocode-40967826846a478a/node_modules/@esbuild/linux-ia32'
83 silly reify ]
84 verbose reify failed optional dependency /Users/xigua/nocode-40967826846a478a/node_modules/@esbuild/linux-arm64
85 silly reify mark deleted [
85 silly reify   '/Users/xigua/nocode-40967826846a478a/node_modules/@esbuild/linux-arm64'
85 silly reify ]
86 verbose reify failed optional dependency /Users/xigua/nocode-40967826846a478a/node_modules/@esbuild/linux-arm
87 silly reify mark deleted [
87 silly reify   '/Users/xigua/nocode-40967826846a478a/node_modules/@esbuild/linux-arm'
87 silly reify ]
88 verbose reify failed optional dependency /Users/xigua/nocode-40967826846a478a/node_modules/@esbuild/freebsd-x64
89 silly reify mark deleted [
89 silly reify   '/Users/xigua/nocode-40967826846a478a/node_modules/@esbuild/freebsd-x64'
89 silly reify ]
90 verbose reify failed optional dependency /Users/xigua/nocode-40967826846a478a/node_modules/@esbuild/freebsd-arm64
91 silly reify mark deleted [
91 silly reify   '/Users/xigua/nocode-40967826846a478a/node_modules/@esbuild/freebsd-arm64'
91 silly reify ]
92 verbose reify failed optional dependency /Users/xigua/nocode-40967826846a478a/node_modules/@esbuild/darwin-x64
93 silly reify mark deleted [
93 silly reify   '/Users/xigua/nocode-40967826846a478a/node_modules/@esbuild/darwin-x64'
93 silly reify ]
94 verbose reify failed optional dependency /Users/xigua/nocode-40967826846a478a/node_modules/@esbuild/android-x64
95 silly reify mark deleted [
95 silly reify   '/Users/xigua/nocode-40967826846a478a/node_modules/@esbuild/android-x64'
95 silly reify ]
96 verbose reify failed optional dependency /Users/xigua/nocode-40967826846a478a/node_modules/@esbuild/android-arm64
97 silly reify mark deleted [
97 silly reify   '/Users/xigua/nocode-40967826846a478a/node_modules/@esbuild/android-arm64'
97 silly reify ]
98 verbose reify failed optional dependency /Users/xigua/nocode-40967826846a478a/node_modules/@esbuild/android-arm
99 silly reify mark deleted [
99 silly reify   '/Users/xigua/nocode-40967826846a478a/node_modules/@esbuild/android-arm'
99 silly reify ]
100 verbose reify failed optional dependency /Users/xigua/nocode-40967826846a478a/node_modules/@esbuild/aix-ppc64
101 silly reify mark deleted [
101 silly reify   '/Users/xigua/nocode-40967826846a478a/node_modules/@esbuild/aix-ppc64'
101 silly reify ]
102 http fetch POST 404 https://registry.npmmirror.com/-/npm/v1/security/advisories/bulk 211ms
103 silly audit bulk request failed [object Object]
104 http fetch POST 404 https://registry.npmmirror.com/-/npm/v1/security/audits/quick 31ms
105 verbose audit error HttpErrorGeneral: 404 Not Found - POST https://registry.npmmirror.com/-/npm/v1/security/audits/quick - [NOT_IMPLEMENTED] /-/npm/v1/security/* not implemented yet
105 verbose audit error     at /usr/local/lib/node_modules/npm/node_modules/npm-registry-fetch/lib/check-response.js:103:15
105 verbose audit error     at process.processTicksAndRejections (node:internal/process/task_queues:105:5)
105 verbose audit error     at async [getReport] (/usr/local/lib/node_modules/npm/node_modules/@npmcli/arborist/lib/audit-report.js:336:21)
105 verbose audit error     at async AuditReport.run (/usr/local/lib/node_modules/npm/node_modules/@npmcli/arborist/lib/audit-report.js:106:19)
105 verbose audit error     at async Arborist.reify (/usr/local/lib/node_modules/npm/node_modules/@npmcli/arborist/lib/arborist/reify.js:268:24)
105 verbose audit error     at async Install.exec (/usr/local/lib/node_modules/npm/lib/commands/install.js:150:5)
105 verbose audit error     at async Npm.exec (/usr/local/lib/node_modules/npm/lib/npm.js:207:9)
105 verbose audit error     at async module.exports (/usr/local/lib/node_modules/npm/lib/cli/entry.js:74:5) {
105 verbose audit error   headers: [Object: null prototype] {
105 verbose audit error     server: [ 'Tengine' ],
105 verbose audit error     date: [ 'Thu, 30 Oct 2025 10:38:17 GMT' ],
105 verbose audit error     'content-type': [ 'application/json' ],
105 verbose audit error     'transfer-encoding': [ 'chunked' ],
105 verbose audit error     connection: [ 'keep-alive' ],
105 verbose audit error     'strict-transport-security': [ 'max-age=5184000' ],
105 verbose audit error     via: [ 'kunlun5.cn8391[,404666]' ],
105 verbose audit error     'timing-allow-origin': [ '*' ],
105 verbose audit error     eagleid: [ '702ee39917618206970665024e' ],
105 verbose audit error     'x-fetch-attempts': [ '1' ]
105 verbose audit error   },
105 verbose audit error   statusCode: 404,
105 verbose audit error   code: 'E404',
105 verbose audit error   method: 'POST',
105 verbose audit error   uri: 'https://registry.npmmirror.com/-/npm/v1/security/audits/quick',
105 verbose audit error   body: {
105 verbose audit error     error: '[NOT_IMPLEMENTED] /-/npm/v1/security/* not implemented yet'
105 verbose audit error   },
105 verbose audit error   pkgid: undefined
105 verbose audit error }
106 silly audit error [object Object]
107 silly audit report null
108 silly ADD
109 silly ADD
110 silly ADD
111 silly ADD
112 silly ADD
113 silly ADD
114 silly ADD
115 silly ADD
116 silly ADD
117 silly ADD
118 silly ADD
119 silly ADD
120 silly ADD
121 silly ADD
122 silly ADD
123 silly ADD
124 silly ADD
125 silly ADD
126 silly ADD
127 silly ADD
128 silly ADD
129 silly ADD
130 silly ADD
131 silly ADD
132 silly ADD
133 silly ADD
134 silly ADD
135 silly ADD
136 silly ADD
137 silly ADD
138 silly ADD
139 silly ADD
140 silly ADD
141 silly ADD
142 silly ADD
143 silly ADD
144 silly ADD
145 silly ADD
146 silly ADD
147 silly ADD
148 silly ADD
149 silly ADD
150 silly ADD
151 verbose cwd /Users/xigua/nocode-40967826846a478a
152 verbose os Darwin 23.4.0
153 verbose node v22.14.0
154 verbose npm  v10.9.2
155 verbose exit 0
156 info ok
