0 verbose cli /usr/local/bin/node /usr/local/lib/node_modules/npm/bin/npm-cli.js
1 info using npm@10.9.2
2 info using node@v22.14.0
3 silly config load:file:/usr/local/lib/node_modules/npm/npmrc
4 silly config load:file:/Users/xigua/nocode-40967826846a478a/.npmrc
5 silly config load:file:/Users/xigua/.npmrc
6 silly config load:file:/Users/xigua/.npm-global/etc/npmrc
7 verbose title npm exec localtunnel@2.0.2 --port 8788 --print-requests
8 verbose argv "exec" "--yes" "--" "localtunnel@2.0.2" "--port" "8788" "--print-requests"
9 verbose logfile logs-max:10 dir:/Users/xigua/nocode-40967826846a478a/.npm-cache/_logs/2025-10-30T11_48_25_040Z-
10 verbose logfile /Users/xigua/nocode-40967826846a478a/.npm-cache/_logs/2025-10-30T11_48_25_040Z-debug-0.log
11 silly logfile done cleaning log files
12 silly packumentCache heap:4345298944 maxSize:1086324736 maxEntrySize:543162368
13 http fetch GET 200 https://registry.npmmirror.com/localtunnel 319ms (cache revalidated)
14 silly packumentCache heap:4345298944 maxSize:1086324736 maxEntrySize:543162368
15 verbose Could not read global path /Users/xigua/.npm-global/lib, ignoring
16 silly packumentCache heap:4345298944 maxSize:1086324736 maxEntrySize:543162368
17 silly idealTree buildDeps
18 silly fetch manifest localtunnel@2.0.2
19 silly packumentCache full:https://registry.npmmirror.com/localtunnel cache-miss
20 http fetch GET 200 https://registry.npmmirror.com/localtunnel 63ms (cache revalidated)
21 silly packumentCache full:https://registry.npmmirror.com/localtunnel set size:49444 disposed:false
22 silly placeDep ROOT localtunnel@2.0.2 OK for:  want: 2.0.2
23 silly fetch manifest axios@0.21.4
24 silly packumentCache full:https://registry.npmmirror.com/axios cache-miss
25 silly fetch manifest debug@4.3.2
26 silly packumentCache full:https://registry.npmmirror.com/debug cache-miss
27 silly fetch manifest openurl@1.1.1
28 silly packumentCache full:https://registry.npmmirror.com/openurl cache-miss
29 silly fetch manifest yargs@17.1.1
30 silly packumentCache full:https://registry.npmmirror.com/yargs cache-miss
31 http fetch GET 200 https://registry.npmmirror.com/debug 24ms (cache revalidated)
32 silly packumentCache full:https://registry.npmmirror.com/debug set size:163683 disposed:false
33 http fetch GET 200 https://registry.npmmirror.com/yargs 39ms (cache revalidated)
34 silly packumentCache full:https://registry.npmmirror.com/yargs set size:657651 disposed:false
35 http fetch GET 200 https://registry.npmmirror.com/axios 46ms (cache revalidated)
36 silly packumentCache full:https://registry.npmmirror.com/axios set size:720105 disposed:false
37 http fetch GET 200 https://registry.npmmirror.com/openurl 50ms (cache revalidated)
38 silly packumentCache full:https://registry.npmmirror.com/openurl set size:7609 disposed:false
39 silly placeDep ROOT axios@0.21.4 OK for: localtunnel@2.0.2 want: 0.21.4
40 silly placeDep ROOT debug@4.3.2 OK for: localtunnel@2.0.2 want: 4.3.2
41 silly placeDep ROOT openurl@1.1.1 OK for: localtunnel@2.0.2 want: 1.1.1
42 silly placeDep ROOT yargs@17.1.1 OK for: localtunnel@2.0.2 want: 17.1.1
43 silly fetch manifest follow-redirects@^1.14.0
44 silly packumentCache full:https://registry.npmmirror.com/follow-redirects cache-miss
45 silly fetch manifest ms@2.1.2
46 silly packumentCache full:https://registry.npmmirror.com/ms cache-miss
47 silly fetch manifest cliui@^7.0.2
48 silly packumentCache full:https://registry.npmmirror.com/cliui cache-miss
49 silly fetch manifest escalade@^3.1.1
50 silly packumentCache full:https://registry.npmmirror.com/escalade cache-miss
51 silly fetch manifest get-caller-file@^2.0.5
52 silly packumentCache full:https://registry.npmmirror.com/get-caller-file cache-miss
53 silly fetch manifest require-directory@^2.1.1
54 silly packumentCache full:https://registry.npmmirror.com/require-directory cache-miss
55 silly fetch manifest string-width@^4.2.0
56 silly packumentCache full:https://registry.npmmirror.com/string-width cache-miss
57 silly fetch manifest y18n@^5.0.5
58 silly packumentCache full:https://registry.npmmirror.com/y18n cache-miss
59 silly fetch manifest yargs-parser@^20.2.2
60 silly packumentCache full:https://registry.npmmirror.com/yargs-parser cache-miss
61 http fetch GET 200 https://registry.npmmirror.com/cliui 15ms (cache revalidated)
62 silly packumentCache full:https://registry.npmmirror.com/cliui set size:61310 disposed:false
63 http fetch GET 200 https://registry.npmmirror.com/escalade 16ms (cache revalidated)
64 silly packumentCache full:https://registry.npmmirror.com/escalade set size:26187 disposed:false
65 http fetch GET 200 https://registry.npmmirror.com/ms 17ms (cache revalidated)
66 silly packumentCache full:https://registry.npmmirror.com/ms set size:126047 disposed:false
67 http fetch GET 200 https://registry.npmmirror.com/follow-redirects 20ms (cache revalidated)
68 silly packumentCache full:https://registry.npmmirror.com/follow-redirects set size:152631 disposed:false
69 http fetch GET 200 https://registry.npmmirror.com/require-directory 36ms (cache revalidated)
70 silly packumentCache full:https://registry.npmmirror.com/require-directory set size:26456 disposed:false
71 http fetch GET 200 https://registry.npmmirror.com/get-caller-file 36ms (cache revalidated)
72 silly packumentCache full:https://registry.npmmirror.com/get-caller-file set size:19572 disposed:false
73 http fetch GET 200 https://registry.npmmirror.com/string-width 37ms (cache revalidated)
74 silly packumentCache full:https://registry.npmmirror.com/string-width set size:55780 disposed:false
75 http fetch GET 200 https://registry.npmmirror.com/y18n 41ms (cache revalidated)
76 silly packumentCache full:https://registry.npmmirror.com/y18n set size:47173 disposed:false
77 http fetch GET 200 https://registry.npmmirror.com/yargs-parser 42ms (cache revalidated)
78 silly packumentCache full:https://registry.npmmirror.com/yargs-parser set size:193344 disposed:false
79 silly placeDep ROOT follow-redirects@1.15.11 OK for: axios@0.21.4 want: ^1.14.0
80 silly placeDep ROOT ms@2.1.2 OK for: debug@4.3.2 want: 2.1.2
81 silly placeDep ROOT cliui@7.0.4 OK for: yargs@17.1.1 want: ^7.0.2
82 silly placeDep ROOT escalade@3.2.0 OK for: yargs@17.1.1 want: ^3.1.1
83 silly placeDep ROOT get-caller-file@2.0.5 OK for: yargs@17.1.1 want: ^2.0.5
84 silly placeDep ROOT require-directory@2.1.1 OK for: yargs@17.1.1 want: ^2.1.1
85 silly placeDep ROOT string-width@4.2.3 OK for: yargs@17.1.1 want: ^4.2.0
86 silly placeDep ROOT y18n@5.0.8 OK for: yargs@17.1.1 want: ^5.0.5
87 silly placeDep ROOT yargs-parser@20.2.9 OK for: yargs@17.1.1 want: ^20.2.2
88 silly fetch manifest strip-ansi@^6.0.0
89 silly packumentCache full:https://registry.npmmirror.com/strip-ansi cache-miss
90 silly fetch manifest wrap-ansi@^7.0.0
91 silly packumentCache full:https://registry.npmmirror.com/wrap-ansi cache-miss
92 silly fetch manifest emoji-regex@^8.0.0
93 silly packumentCache full:https://registry.npmmirror.com/emoji-regex cache-miss
94 silly fetch manifest is-fullwidth-code-point@^3.0.0
95 silly packumentCache full:https://registry.npmmirror.com/is-fullwidth-code-point cache-miss
96 silly fetch manifest strip-ansi@^6.0.1
97 silly packumentCache full:https://registry.npmmirror.com/strip-ansi cache-miss
98 http fetch GET 200 https://registry.npmmirror.com/strip-ansi 13ms (cache revalidated)
99 silly packumentCache full:https://registry.npmmirror.com/strip-ansi set size:37164 disposed:false
100 http fetch GET 200 https://registry.npmmirror.com/strip-ansi 14ms (cache revalidated)
101 silly packumentCache full:https://registry.npmmirror.com/strip-ansi set size:37164 disposed:false
102 silly packumentCache full:https://registry.npmmirror.com/strip-ansi dispose
103 http fetch GET 200 https://registry.npmmirror.com/wrap-ansi 15ms (cache revalidated)
104 silly packumentCache full:https://registry.npmmirror.com/wrap-ansi set size:44580 disposed:false
105 http fetch GET 200 https://registry.npmmirror.com/emoji-regex 22ms (cache revalidated)
106 silly packumentCache full:https://registry.npmmirror.com/emoji-regex set size:78767 disposed:false
107 http fetch GET 200 https://registry.npmmirror.com/is-fullwidth-code-point 24ms (cache revalidated)
108 silly packumentCache full:https://registry.npmmirror.com/is-fullwidth-code-point set size:12890 disposed:false
109 silly placeDep ROOT strip-ansi@6.0.1 OK for: cliui@7.0.4 want: ^6.0.0
110 silly placeDep ROOT wrap-ansi@7.0.0 OK for: cliui@7.0.4 want: ^7.0.0
111 silly fetch manifest ansi-regex@^5.0.1
112 silly packumentCache full:https://registry.npmmirror.com/ansi-regex cache-miss
113 silly fetch manifest ansi-styles@^4.0.0
114 silly packumentCache full:https://registry.npmmirror.com/ansi-styles cache-miss
115 http fetch GET 200 https://registry.npmmirror.com/ansi-regex 10ms (cache revalidated)
116 silly packumentCache full:https://registry.npmmirror.com/ansi-regex set size:40160 disposed:false
117 http fetch GET 200 https://registry.npmmirror.com/ansi-styles 11ms (cache revalidated)
118 silly packumentCache full:https://registry.npmmirror.com/ansi-styles set size:58599 disposed:false
119 silly placeDep ROOT emoji-regex@8.0.0 OK for: string-width@4.2.3 want: ^8.0.0
120 silly placeDep ROOT is-fullwidth-code-point@3.0.0 OK for: string-width@4.2.3 want: ^3.0.0
121 silly placeDep ROOT ansi-regex@5.0.1 OK for: strip-ansi@6.0.1 want: ^5.0.1
122 silly placeDep ROOT ansi-styles@4.3.0 OK for: wrap-ansi@7.0.0 want: ^4.0.0
123 silly fetch manifest color-convert@^2.0.1
124 silly packumentCache full:https://registry.npmmirror.com/color-convert cache-miss
125 http fetch GET 200 https://registry.npmmirror.com/color-convert 13ms (cache revalidated)
126 silly packumentCache full:https://registry.npmmirror.com/color-convert set size:66298 disposed:false
127 silly placeDep ROOT color-convert@2.0.1 OK for: ansi-styles@4.3.0 want: ^2.0.1
128 silly fetch manifest color-name@~1.1.4
129 silly packumentCache full:https://registry.npmmirror.com/color-name cache-miss
130 http fetch GET 200 https://registry.npmmirror.com/color-name 13ms (cache revalidated)
131 silly packumentCache full:https://registry.npmmirror.com/color-name set size:17029 disposed:false
132 silly placeDep ROOT color-name@1.1.4 OK for: color-convert@2.0.1 want: ~1.1.4
133 silly reify moves {}
134 silly audit bulk request {
134 silly audit   localtunnel: [ '2.0.2' ],
134 silly audit   axios: [ '0.21.4' ],
134 silly audit   debug: [ '4.3.2' ],
134 silly audit   openurl: [ '1.1.1' ],
134 silly audit   yargs: [ '17.1.1' ],
134 silly audit   'follow-redirects': [ '1.15.11' ],
134 silly audit   ms: [ '2.1.2' ],
134 silly audit   cliui: [ '7.0.4' ],
134 silly audit   escalade: [ '3.2.0' ],
134 silly audit   'get-caller-file': [ '2.0.5' ],
134 silly audit   'require-directory': [ '2.1.1' ],
134 silly audit   'string-width': [ '4.2.3' ],
134 silly audit   y18n: [ '5.0.8' ],
134 silly audit   'yargs-parser': [ '20.2.9' ],
134 silly audit   'strip-ansi': [ '6.0.1' ],
134 silly audit   'wrap-ansi': [ '7.0.0' ],
134 silly audit   'emoji-regex': [ '8.0.0' ],
134 silly audit   'is-fullwidth-code-point': [ '3.0.0' ],
134 silly audit   'ansi-regex': [ '5.0.1' ],
134 silly audit   'ansi-styles': [ '4.3.0' ],
134 silly audit   'color-convert': [ '2.0.1' ],
134 silly audit   'color-name': [ '1.1.4' ]
134 silly audit }
135 http cache color-name@https://registry.npmmirror.com/color-name/-/color-name-1.1.4.tgz 0ms (cache hit)
136 http cache color-convert@https://registry.npmmirror.com/color-convert/-/color-convert-2.0.1.tgz 0ms (cache hit)
137 http cache emoji-regex@https://registry.npmmirror.com/emoji-regex/-/emoji-regex-8.0.0.tgz 0ms (cache hit)
138 http cache is-fullwidth-code-point@https://registry.npmmirror.com/is-fullwidth-code-point/-/is-fullwidth-code-point-3.0.0.tgz 0ms (cache hit)
139 http cache strip-ansi@https://registry.npmmirror.com/strip-ansi/-/strip-ansi-6.0.1.tgz 0ms (cache hit)
140 http cache wrap-ansi@https://registry.npmmirror.com/wrap-ansi/-/wrap-ansi-7.0.0.tgz 0ms (cache hit)
141 http cache ansi-styles@https://registry.npmmirror.com/ansi-styles/-/ansi-styles-4.3.0.tgz 0ms (cache hit)
142 http cache ansi-regex@https://registry.npmmirror.com/ansi-regex/-/ansi-regex-5.0.1.tgz 0ms (cache hit)
143 http cache yargs-parser@https://registry.npmmirror.com/yargs-parser/-/yargs-parser-20.2.9.tgz 0ms (cache hit)
144 http cache y18n@https://registry.npmmirror.com/y18n/-/y18n-5.0.8.tgz 0ms (cache hit)
145 http cache get-caller-file@https://registry.npmmirror.com/get-caller-file/-/get-caller-file-2.0.5.tgz 0ms (cache hit)
146 http cache escalade@https://registry.npmmirror.com/escalade/-/escalade-3.2.0.tgz 0ms (cache hit)
147 http cache string-width@https://registry.npmmirror.com/string-width/-/string-width-4.2.3.tgz 0ms (cache hit)
148 http cache cliui@https://registry.npmmirror.com/cliui/-/cliui-7.0.4.tgz 0ms (cache hit)
149 http cache ms@https://registry.npmmirror.com/ms/-/ms-2.1.2.tgz 0ms (cache hit)
150 http cache require-directory@https://registry.npmmirror.com/require-directory/-/require-directory-2.1.1.tgz 0ms (cache hit)
151 http cache yargs@https://registry.npmmirror.com/yargs/-/yargs-17.1.1.tgz 0ms (cache hit)
152 http cache openurl@https://registry.npmmirror.com/openurl/-/openurl-1.1.1.tgz 0ms (cache hit)
153 http cache follow-redirects@https://registry.npmmirror.com/follow-redirects/-/follow-redirects-1.15.11.tgz 0ms (cache hit)
154 http cache debug@https://registry.npmmirror.com/debug/-/debug-4.3.2.tgz 0ms (cache hit)
155 http cache axios@https://registry.npmmirror.com/axios/-/axios-0.21.4.tgz 0ms (cache hit)
156 http cache localtunnel@https://registry.npmmirror.com/localtunnel/-/localtunnel-2.0.2.tgz 0ms (cache hit)
157 http fetch POST 404 https://registry.npmmirror.com/-/npm/v1/security/advisories/bulk 20ms
158 silly audit bulk request failed [object Object]
159 http fetch POST 404 https://registry.npmmirror.com/-/npm/v1/security/audits/quick 9ms
160 verbose audit error HttpErrorGeneral: 404 Not Found - POST https://registry.npmmirror.com/-/npm/v1/security/audits/quick - [NOT_IMPLEMENTED] /-/npm/v1/security/* not implemented yet
160 verbose audit error     at /usr/local/lib/node_modules/npm/node_modules/npm-registry-fetch/lib/check-response.js:103:15
160 verbose audit error     at process.processTicksAndRejections (node:internal/process/task_queues:105:5)
160 verbose audit error     at async [getReport] (/usr/local/lib/node_modules/npm/node_modules/@npmcli/arborist/lib/audit-report.js:336:21)
160 verbose audit error     at async AuditReport.run (/usr/local/lib/node_modules/npm/node_modules/@npmcli/arborist/lib/audit-report.js:106:19) {
160 verbose audit error   headers: [Object: null prototype] {
160 verbose audit error     server: [ 'Tengine' ],
160 verbose audit error     date: [ 'Thu, 30 Oct 2025 11:48:26 GMT' ],
160 verbose audit error     'content-type': [ 'application/json' ],
160 verbose audit error     'transfer-encoding': [ 'chunked' ],
160 verbose audit error     connection: [ 'keep-alive' ],
160 verbose audit error     'strict-transport-security': [ 'max-age=5184000' ],
160 verbose audit error     via: [ 'kunlun10.cn6489[,404666]' ],
160 verbose audit error     'timing-allow-origin': [ '*' ],
160 verbose audit error     eagleid: [ '3d30538f17618249063273662e' ],
160 verbose audit error     'x-fetch-attempts': [ '1' ]
160 verbose audit error   },
160 verbose audit error   statusCode: 404,
160 verbose audit error   code: 'E404',
160 verbose audit error   method: 'POST',
160 verbose audit error   uri: 'https://registry.npmmirror.com/-/npm/v1/security/audits/quick',
160 verbose audit error   body: {
160 verbose audit error     error: '[NOT_IMPLEMENTED] /-/npm/v1/security/* not implemented yet'
160 verbose audit error   },
160 verbose audit error   pkgid: undefined
160 verbose audit error }
161 silly audit error [object Object]
162 silly audit report null
